x 0.729024 y 0.318903 a -2.106656
x 0.266627 y 0.748515 a -2.673891
x 0.475128 y 0.474603 a 2.429184
x 0.575201 y 0.714576 a 2.671571
x 0.853167 y 0.680119 a -2.923814
x 0.678214 y 0.038682 a -3.035655
x 0.352113 y 0.555160 a 3.025862
x 0.487799 y 0.538745 a 1.980816
x 0.070270 y 0.045686 a 2.239342
x 0.185150 y 0.142541 a 1.535350
x 0.592820 y 0.485122 a 2.776259
x 0.528175 y 0.347872 a 2.421841
x 0.123955 y 0.082425 a 2.197063
x 0.456899 y 0.823426 a 2.502239
x 0.619542 y 0.476457 a 2.872426
x 0.486725 y 0.466797 a 2.438629
x 0.658513 y 0.963324 a -2.812311
x 0.514727 y 0.123720 a -3.126316
x 0.443465 y 0.546000 a 2.569974
x 0.246040 y 0.083906 a 1.572067
x 0.202870 y 0.064786 a 1.711789
x 0.552689 y 0.153013 a 1.763457
x 0.626532 y 0.219838 a 2.999424
x 0.463681 y 0.530214 a 2.802016
x 0.484526 y 0.462342 a 2.543345
x 0.328066 y 0.678747 a 1.181698
x 0.621525 y 0.214279 a 2.921250
x 0.466041 y 0.839080 a 1.605715
x 0.666172 y 0.179221 a 3.035538
x 0.593080 y 0.306796 a 2.414864
x 0.182605 y 0.877406 a 1.470324
x 0.964263 y 0.066153 a 2.333170
x 0.163094 y 0.788208 a 1.482049
x 0.544013 y 0.241152 a 2.015156
x 0.305774 y 0.531462 a 2.986550
x 0.052447 y 0.865566 a 0.703087
x 0.680883 y 0.967608 a -2.851854
x 0.458164 y 0.526596 a 3.041639
x 0.441643 y 0.491880 a 2.962014
x 0.507859 y 0.166527 a 2.168604
x 0.428923 y 0.594956 a 2.425302
x 0.624148 y 0.984958 a -2.890331
x 0.535480 y 0.441296 a 2.551022
x 0.528988 y 0.443072 a 2.527020
x 0.596898 y 0.486319 a 2.820346
x 0.190226 y 0.078292 a 1.777886
x 0.427580 y 0.272860 a 2.136307
x 0.563427 y 0.298095 a 2.286239
x 0.569018 y 0.709533 a 2.718085
x 0.541989 y 0.294113 a 2.120567
x 0.629169 y 0.990549 a 2.875259
x 0.631906 y 0.278636 a 2.393686
x 0.531862 y 0.500057 a 2.897065
x 0.479277 y 0.602477 a 2.557232
x 0.381782 y 0.644786 a 2.536255
x 0.584821 y 0.230227 a 2.923835
x 0.612199 y 0.388513 a 2.780604
x 0.620552 y 0.217744 a 2.886467
x 0.423060 y 0.580925 a 2.711348
x 0.684776 y 0.525987 a 2.657211
x 0.424329 y 0.114815 a 1.484156
x 0.228931 y 0.151774 a 2.168329
x 0.203847 y 0.224561 a 2.144912
x 0.003395 y 0.033569 a 2.342621
x 0.705310 y 0.140906 a -3.077005
x 0.759246 y 0.386751 a -2.120372
x 0.133255 y 0.189815 a 2.261428
x 0.620671 y 0.567971 a 2.716415
x 0.473506 y 0.230155 a 2.171669
x 0.192264 y 0.084670 a 1.584120
x 0.448531 y 0.413869 a 3.141395
x 0.556128 y 0.051569 a -3.057519
x 0.904284 y 0.656156 a -2.841928
x 0.400175 y 0.543925 a 3.031117
x 0.467292 y 0.542577 a 2.497483
x 0.150497 y 0.910416 a 1.515419
x 0.507875 y 0.696107 a 2.798466
x 0.471145 y 0.245692 a 2.158017
x 0.050480 y 0.855824 a 0.729305
x 0.312981 y 0.583872 a 3.009755
x 0.596435 y 0.038026 a -3.032281
x 0.745411 y 0.202168 a 1.224176
x 0.418361 y 0.674362 a 1.848242
x 0.769940 y 0.145058 a 2.210192
x 0.235758 y 0.159908 a 2.152293
x 0.466343 y 0.923879 a 1.671965
x 0.099433 y 0.244265 a 2.258111
x 0.122338 y 0.957324 a 1.534436
x 0.429931 y 0.628711 a 2.494027
x 0.104706 y 0.871247 a 1.557616
x 0.463514 y 0.861260 a 1.624625
x 0.577638 y 0.260084 a 2.128010
x 0.331004 y 0.688411 a 1.174649
x 0.446832 y 0.193125 a 2.171666
x 0.560878 y 0.235195 a 1.995932
x 0.597752 y 0.392883 a 3.124778
x 0.354499 y 0.728937 a 1.171670
x 0.433771 y 0.531360 a 3.030008
x 0.366132 y 0.514235 a 2.994081
x 0.561476 y 0.694761 a 2.774368
