x 0.320310 y 0.526945 a 0.203344
x 0.672954 y 0.088679 a 0.176109
x 0.093849 y 0.758383 a -0.314001
x 0.706214 y 0.379562 a -0.191615
x 0.175346 y 0.422344 a 0.539371
x 0.350192 y 0.202095 a 0.367530
x 0.538159 y 0.175108 a 0.372676
x 0.273760 y 0.078924 a 0.060816
x 0.278439 y 0.128531 a 0.122528
x 0.251990 y 0.029143 a 0.275350
x 0.230844 y 0.989900 a 0.303073
x 0.308647 y 0.130659 a 0.201841
x 0.233822 y 0.543201 a -0.049308
x 0.717771 y 0.102142 a 0.102239
x 0.269838 y 0.442099 a -0.264389
x 0.181438 y 0.558365 a -0.094557
x 0.230305 y 0.168717 a 0.217689
x 0.382202 y 0.505837 a 0.113684
x 0.354757 y 0.252180 a 0.576789
x 0.301285 y 0.905675 a -0.121118
x 0.580198 y 0.254158 a 0.288604
x 0.292411 y 0.199627 a 0.383457
x 0.919468 y 0.279256 a -0.240576
x 0.201046 y 0.918142 a 0.192016
x 0.566417 y 0.582563 a -0.126655
x 0.224083 y 0.001637 a 0.311698
x 0.977743 y 0.971112 a 0.101250
x 0.840188 y 0.207485 a -0.117471
x 0.163703 y 0.396575 a 0.125538
x 0.312664 y 0.837515 a 0.194864
x 0.978966 y 0.023829 a 0.090324
x 0.678449 y 0.961254 a -0.290015
x 0.246140 y 0.572664 a -0.017951
x 0.638036 y 0.938096 a -0.698029
x 0.239512 y 0.926224 a 0.226550
x 0.271490 y 0.994013 a 0.299902
x 0.262109 y 0.801905 a 0.011331
x 0.888948 y 0.906099 a -0.091546
x 0.524763 y 0.168610 a 0.352014
x 0.199939 y 0.906729 a 0.248604
x 0.172111 y 0.824613 a -0.167884
x 0.103217 y 0.719273 a -0.447146
x 0.210239 y 0.421073 a -0.148978
x 0.818465 y 0.916420 a -0.156165
x 0.183384 y 0.021859 a 0.300346
x 0.370632 y 0.185786 a 0.277886
x 0.784181 y 0.672041 a -0.713693
x 0.385390 y 0.062670 a 0.293054
x 0.185686 y 0.859947 a 0.018085
x 0.488520 y 0.089230 a 0.157382
x 0.964947 y 0.976452 a 0.012074
x 0.612775 y 0.699680 a -0.019499
x 0.303642 y 0.032715 a 0.003879
x 0.908055 y 0.917412 a -0.305953
x 0.247022 y 0.975961 a 0.166255
x 0.069443 y 0.728339 a -0.346165
x 0.248291 y 0.401259 a 0.350604
x 0.226674 y 0.479012 a -0.186718
x 0.145325 y 0.747842 a -0.498652
x 0.171567 y 0.056430 a 0.257211
x 0.326016 y 0.951375 a 0.227785
x 0.276712 y 0.048934 a 0.008329
x 0.280820 y 0.059983 a 0.348541
x 0.206828 y 0.560971 a 0.002621
x 0.210190 y 0.970920 a 0.252995
x 0.229476 y 0.167442 a 0.219628
x 0.596439 y 0.252076 a 0.521428
x 0.681101 y 0.850314 a -0.660400
x 0.340246 y 0.729778 a 0.358484
x 0.656085 y 0.260966 a 0.447750
x 0.276882 y 0.826295 a 0.248210
x 0.618613 y 0.596443 a 0.392481
x 0.304108 y 0.139679 a 0.231257
x 0.337121 y 0.201398 a 0.331117
x 0.371774 y 0.543059 a 0.174297
x 0.129709 y 0.328007 a 0.152234
x 0.373430 y 0.067420 a 0.085281
x 0.224620 y 0.661638 a -0.195168
x 0.096412 y 0.411287 a 0.176120
x 0.253867 y 0.374627 a 0.129755
x 0.024466 y 0.916897 a 0.117719
x 0.619921 y 0.775372 a -0.065824
x 0.285132 y 0.061120 a 0.575056
x 0.270684 y 0.902047 a -0.039808
x 0.231494 y 0.896155 a 0.009108
x 0.314677 y 0.076123 a 0.548780
x 0.138819 y 0.878821 a 0.084926
x 0.987657 y 0.762416 a -0.098749
x 0.867874 y 0.904608 a -0.025973
x 0.298398 y 0.837603 a 0.430801
x 0.090751 y 0.318663 a 0.124625
x 0.429274 y 0.093028 a 0.104824
x 0.151251 y 0.878928 a 0.124649
x 0.374468 y 0.826911 a 0.071666
x 0.253790 y 0.208655 a 0.032746
x 0.298350 y 0.049062 a 0.244778
x 0.284041 y 0.239232 a 0.288485
x 0.155705 y 0.862301 a 0.073194
x 0.421653 y 0.061869 a -0.365919
x 0.857734 y 0.236581 a -0.195632
x 0.510240 y 0.848794 a 0.639307
x 0.283504 y 0.936289 a 0.237937
x 0.296266 y 0.033714 a -0.024641
x 0.132867 y 0.900455 a 0.146955
x 0.028309 y 0.869108 a -0.166753
x 0.203961 y 0.878401 a 0.091692
x 0.130693 y 0.899698 a 0.082522
x 0.305280 y 0.671972 a -0.178681
x 0.368009 y 0.101366 a 0.435073
x 0.783374 y 0.785689 a -0.074707
x 0.147334 y 0.241330 a 0.121306
x 0.239048 y 0.107444 a 0.209440
x 0.220543 y 0.205240 a 0.010918
x 0.530010 y 0.873347 a -0.172625
x 0.244631 y 0.906060 a 0.209717
x 0.204057 y 0.970266 a 0.246872
x 0.558293 y 0.393246 a 0.212841
x 0.773014 y 0.146576 a -0.250049
x 0.565789 y 0.790016 a -0.327849
x 0.168042 y 0.331023 a 0.247680
x 0.555677 y 0.794294 a -0.566937
x 0.344764 y 0.080389 a 0.243581
x 0.244757 y 0.526454 a -0.200315
x 0.378396 y 0.688000 a -0.193916
x 0.955095 y 0.690852 a -0.074666
x 0.668966 y 0.185800 a 0.163978
x 0.295943 y 0.912191 a 0.050706
x 0.188105 y 0.933995 a 0.013122
x 0.316634 y 0.836593 a 0.207166
x 0.387883 y 0.859433 a 0.116391
x 0.128201 y 0.860514 a -0.140391
x 0.273870 y 0.151319 a 0.263105
x 0.295288 y 0.400254 a 0.372557
x 0.376133 y 0.948109 a 0.419600
x 0.418599 y 0.276708 a 0.506592
x 0.282007 y 0.474595 a -0.224749
x 0.772584 y 0.899259 a -0.142965
x 0.426178 y 0.917818 a 0.132687
x 0.645906 y 0.801257 a -0.171376
x 0.112067 y 0.310017 a 0.083477
x 0.405241 y 0.086299 a 0.165522
x 0.534504 y 0.082951 a -0.064258
x 0.362310 y 0.081352 a -0.157114
x 0.174220 y 0.787035 a -0.051926
x 0.917476 y 0.613247 a -0.588991
x 0.156118 y 0.829369 a -0.169001
x 0.214507 y 0.421388 a -0.227124
x 0.538045 y 0.896503 a -0.295928
x 0.586723 y 0.772815 a -0.101943
x 0.328215 y 0.878828 a 0.043352
x 0.510577 y 0.801964 a -0.805410
x 0.077586 y 0.988801 a 0.134063
x 0.629791 y 0.353176 a 0.247987
x 0.214140 y 0.148677 a 0.137592
x 0.626306 y 0.692367 a -0.075419
x 0.168738 y 0.820996 a -0.270626
x 0.223225 y 0.130695 a 0.246161
x 0.292044 y 0.057702 a 0.292780
x 0.349017 y 0.744695 a 0.183405
x 0.723366 y 0.472839 a -0.006282
x 0.167784 y 0.694394 a -0.312036
x 0.294841 y 0.904603 a -0.154695
x 0.606829 y 0.102076 a 0.103652
x 0.357206 y 0.332303 a 0.202591
x 0.136905 y 0.243652 a 0.050616
x 0.187906 y 0.884895 a -0.261536
x 0.333142 y 0.973097 a 0.258384
x 0.248507 y 0.230577 a 0.260684
x 0.258943 y 0.048274 a 0.440729
x 0.341737 y 0.929840 a 0.386594
x 0.280649 y 0.694517 a 0.090751
x 0.536154 y 0.083083 a -0.047637
x 0.246328 y 0.873842 a 0.018882
x 0.519410 y 0.231680 a 0.283749
x 0.379367 y 0.482095 a -0.051626
x 0.268441 y 0.801761 a 0.103009
x 0.247757 y 0.039328 a 0.273315
x 0.218695 y 0.891754 a 0.160573
x 0.259898 y 0.048649 a 0.236417
x 0.068810 y 0.970278 a 0.123001
x 0.264617 y 0.195733 a 0.403801
x 0.350100 y 0.503381 a 0.274283
x 0.024326 y 0.472568 a -0.099782
x 0.551921 y 0.842560 a -0.148662
x 0.684224 y 0.592608 a 0.294807
x 0.725185 y 0.911704 a -0.142109
x 0.432407 y 0.260614 a 0.081844
x 0.497286 y 0.843414 a 0.617339
x 0.741186 y 0.949792 a -0.311394
x 0.707635 y 0.794120 a -0.397354
x 0.206868 y 0.827058 a 0.036277
x 0.235194 y 0.316001 a 0.015131
x 0.731333 y 0.018828 a -0.178292
x 0.324850 y 0.934577 a 0.235693
x 0.440917 y 0.285917 a 0.492636
x 0.316077 y 0.455756 a -0.226964
x 0.730353 y 0.234874 a 0.062173
x 0.224215 y 0.911545 a 0.350170
x 0.303817 y 0.036651 a 0.029883
x 0.528299 y 0.806777 a -0.510817
x 0.318972 y 0.339010 a 0.096148
x 0.328588 y 0.745412 a 0.156716
x 0.169393 y 0.446417 a -0.106316
x 0.738120 y 0.678477 a -0.113619
x 0.552481 y 0.333425 a 0.349788
x 0.117770 y 0.329601 a 0.070567
x 0.378345 y 0.871521 a 0.119491
x 0.226758 y 0.093496 a 0.245112
x 0.185442 y 0.425575 a 0.128686
x 0.520720 y 0.785669 a -0.105447
x 0.258437 y 0.045922 a 0.095107
x 0.204342 y 0.875855 a -0.093736
x 0.040636 y 0.277633 a -0.020123
x 0.282509 y 0.028083 a -0.023171
x 0.306835 y 0.404207 a 0.481544
x 0.155399 y 0.478532 a -0.039015
x 0.277947 y 0.235310 a 0.323547
x 0.654857 y 0.619520 a -0.166250
x 0.324123 y 0.407549 a 0.368215
x 0.562443 y 0.081452 a 0.208936
x 0.652602 y 0.800539 a -0.187670
x 0.313258 y 0.336927 a 0.236503
x 0.844377 y 0.845276 a 0.216601
x 0.722528 y 0.832390 a -0.494731
x 0.519411 y 0.231291 a 0.242578
x 0.215432 y 0.839627 a 0.031991
x 0.420283 y 0.815949 a -0.103574
x 0.662687 y 0.833604 a -0.270195
x 0.314355 y 0.993543 a 0.348574
x 0.290408 y 0.963332 a 0.026167
x 0.216720 y 0.978198 a 0.297437
x 0.085356 y 0.684289 a 0.348107
x 0.256633 y 0.271505 a 0.087272
x 0.329525 y 0.560182 a -0.025914
x 0.254650 y 0.457796 a -0.049469
x 0.244830 y 0.343634 a 0.087793
x 0.560713 y 0.894940 a -0.352747
x 0.211220 y 0.332893 a 0.113702
x 0.148688 y 0.691267 a 0.284652
x 0.106618 y 0.717149 a -0.439342
x 0.121544 y 0.830828 a -0.097134
x 0.208632 y 0.034769 a 0.199778
x 0.312452 y 0.834022 a 0.242843
x 0.138851 y 0.892499 a 0.122885
x 0.394363 y 0.270315 a 0.052645
x 0.606522 y 0.601287 a 0.013462
x 0.240466 y 0.421074 a -0.006251
x 0.173570 y 0.599640 a 0.062913
x 0.528342 y 0.984459 a -0.395350
x 0.448794 y 0.431820 a 0.490001
x 0.003829 y 0.858342 a -0.099840
x 0.346153 y 0.928126 a 0.393566
x 0.119754 y 0.742064 a -0.150680
x 0.381076 y 0.263854 a 0.451159
x 0.249823 y 0.654907 a -0.134702
x 0.448355 y 0.817776 a 0.571848
x 0.213864 y 0.025958 a 0.244510
x 0.388240 y 0.959258 a 0.225398
x 0.296981 y 0.406940 a 0.300993
x 0.136808 y 0.917646 a 0.091555
x 0.324963 y 0.975086 a 0.271808
x 0.160710 y 0.814654 a 0.005005
x 0.198079 y 0.432312 a 0.605912
x 0.051039 y 0.104223 a 0.185337
x 0.036703 y 0.563534 a -0.555821
x 0.216491 y 0.977623 a 0.340687
x 0.565990 y 0.089091 a 0.171252
x 0.464593 y 0.965684 a 0.209400
x 0.120301 y 0.309286 a 0.055107
x 0.239940 y 0.487908 a 0.238847
x 0.286626 y 0.548981 a 0.128830
x 0.158361 y 0.825961 a -0.187585
x 0.248914 y 0.887206 a 0.091875
x 0.307151 y 0.070301 a 0.598001
x 0.872873 y 0.614575 a -0.675066
x 0.291398 y 0.459162 a -0.242380
x 0.193199 y 0.932293 a 0.123871
x 0.258535 y 0.850670 a -0.026676
x 0.413175 y 0.202744 a 0.277494
x 0.227085 y 0.271367 a 0.097787
x 0.349586 y 0.855326 a 0.376460
x 0.705047 y 0.570494 a 0.302844
x 0.718958 y 0.256265 a 0.373642
x 0.195822 y 0.090785 a 0.184729
x 0.265363 y 0.041403 a 0.309832
x 0.277468 y 0.458925 a -0.164971
x 0.120534 y 0.309280 a 0.067113
x 0.424021 y 0.944430 a 0.306590
x 0.130395 y 0.796156 a 0.076969
x 0.962668 y 0.744688 a -0.124051
x 0.218590 y 0.057131 a 0.276240
x 0.659766 y 0.302690 a 0.400550
x 0.448217 y 0.707926 a -0.099766
x 0.160971 y 0.814724 a 0.127942
x 0.183476 y 0.860408 a 0.029359
x 0.183104 y 0.100708 a 0.207841
x 0.238102 y 0.133558 a 0.283698
x 0.448038 y 0.935412 a 0.163677
x 0.241069 y 0.801076 a 0.235987
x 0.288970 y 0.549907 a 0.180487
x 0.280142 y 0.707057 a -0.024689
x 0.536959 y 0.184194 a 0.356846
x 0.721848 y 0.789944 a -0.368164
x 0.418903 y 0.872136 a 0.130932
x 0.202156 y 0.953266 a 0.275441
x 0.298190 y 0.880886 a 0.026450
x 0.503834 y 0.177709 a 0.327920
x 0.082223 y 0.290864 a -0.015244
x 0.166697 y 0.769567 a -0.130213
x 0.287658 y 0.786746 a 0.062690
x 0.215923 y 0.944598 a 0.204271
x 0.214395 y 0.036965 a 0.106264
x 0.008839 y 0.780914 a -0.007319
x 0.342040 y 0.690046 a -0.123609
x 0.314807 y 0.966768 a 0.129671
x 0.267556 y 0.875142 a -0.084225
x 0.243602 y 0.446263 a 0.339890
x 0.230385 y 0.974105 a 0.315491
x 0.412218 y 0.685009 a -0.204720
x 0.211555 y 0.347018 a 0.213945
x 0.255274 y 0.913013 a 0.109315
x 0.253377 y 0.027689 a -0.027664
x 0.136866 y 0.838332 a -0.251643
x 0.462156 y 0.936353 a 0.155251
x 0.111973 y 0.898818 a 0.145052
x 0.800796 y 0.846001 a 0.159053
x 0.357119 y 0.499416 a 0.189362
x 0.707348 y 0.794031 a -0.398152
x 0.376959 y 0.281471 a 0.136878
x 0.284756 y 0.833918 a 0.399474
x 0.384897 y 0.083246 a 0.272914
x 0.306006 y 0.801344 a 0.125371
x 0.736218 y 0.107647 a 0.089714
x 0.105723 y 0.822980 a -0.115010
x 0.228952 y 0.188605 a 0.343013
x 0.384028 y 0.779055 a -0.084084
x 0.207566 y 0.449114 a -0.092136
x 0.281357 y 0.150340 a 0.258579
x 0.320867 y 0.552325 a 0.197210
x 0.993025 y 0.974073 a 0.043463
x 0.842102 y 0.849350 a 0.250908
x 0.238091 y 0.215086 a 0.013207
x 0.273977 y 0.872416 a -0.104914
x 0.033017 y 0.435705 a 0.176729
x 0.112090 y 0.917187 a 0.135425
x 0.485835 y 0.163317 a 0.328263
x 0.969737 y 0.647911 a -0.446324
x 0.729974 y 0.637706 a -0.132541
x 0.885492 y 0.609589 a -0.669859
x 0.338635 y 0.337557 a 0.225346
x 0.538310 y 0.955965 a 0.020858
x 0.361189 y 0.563210 a -0.027800
x 0.903013 y 0.242913 a -0.022278
x 0.567513 y 0.605661 a 0.449275
x 0.350586 y 0.851906 a 0.113258
x 0.260188 y 0.823445 a 0.325510
x 0.171103 y 0.857762 a 0.061782
x 0.352848 y 0.204167 a 0.347802
x 0.304358 y 0.068546 a 0.552736
x 0.222176 y 0.878185 a 0.057094
x 0.587707 y 0.188797 a 0.387696
x 0.257665 y 0.817018 a -0.194260
x 0.298232 y 0.459787 a 0.362319
x 0.071790 y 0.710458 a -0.103377
x 0.341840 y 0.768059 a 0.216027
x 0.145951 y 0.334960 a 0.072443
x 0.186399 y 0.972526 a 0.189886
x 0.141390 y 0.903841 a 0.054689
x 0.261583 y 0.530305 a 0.043297
x 0.690671 y 0.852201 a -0.639829
x 0.569555 y 0.813336 a 0.113222
x 0.279919 y 0.833316 a 0.413106
x 0.229841 y 0.082409 a 0.146138
x 0.352428 y 0.820682 a 0.058632
x 0.352618 y 0.059461 a 0.272666
x 0.224879 y 0.801973 a 0.209511
x 0.663941 y 0.834280 a -0.284491
x 0.365444 y 0.822935 a 0.107260
x 0.229805 y 0.186348 a 0.421089
x 0.297580 y 0.902475 a -0.081065
x 0.307602 y 0.283805 a 0.100343
x 0.434593 y 0.461698 a -0.189324
x 0.404243 y 0.833161 a 0.184777
x 0.229035 y 0.039632 a 0.057263
x 0.003819 y 0.849804 a 0.056173
x 0.048469 y 0.170906 a -0.030500
x 0.310013 y 0.923601 a 0.288620
x 0.154684 y 0.897954 a 0.087382
x 0.446933 y 0.719830 a -0.033893
x 0.196780 y 0.420277 a -0.101584
x 0.197579 y 0.001168 a 0.227793
x 0.203442 y 0.199587 a 0.091252
x 0.978561 y 0.494480 a -0.194536
x 0.083069 y 0.679720 a 0.428624
x 0.305629 y 0.550651 a 0.202902
x 0.220159 y 0.461705 a 0.127265
x 0.236787 y 0.876184 a -0.080433
x 0.279378 y 0.925219 a 0.350004
x 0.224446 y 0.185376 a 0.374509
x 0.214346 y 0.826363 a 0.068814
x 0.657636 y 0.112298 a 0.131126
x 0.795696 y 0.801536 a -0.591614
x 0.388054 y 0.794237 a 0.437111
x 0.319264 y 0.838074 a 0.184636
x 0.266245 y 0.849711 a 0.061337
x 0.645173 y 0.696777 a -0.023339
x 0.158209 y 0.070386 a 0.116905
x 0.160727 y 0.851189 a -0.089526
x 0.334834 y 0.201634 a 0.386103
x 0.300438 y 0.406065 a 0.366456
x 0.256715 y 0.436429 a -0.049170
x 0.804665 y 0.120777 a 0.097366
x 0.966815 y 0.189110 a -0.005234
x 0.344318 y 0.543207 a 0.189139
x 0.470662 y 0.431447 a 0.205449
x 0.195724 y 0.816226 a -0.215674
x 0.605184 y 0.257672 a 0.362669
x 0.582357 y 0.956258 a -0.428979
x 0.233498 y 0.892590 a 0.152493
x 0.426450 y 0.382345 a -0.519524
x 0.300715 y 0.990868 a 0.254287
x 0.213119 y 0.832276 a -0.011908
x 0.188659 y 0.858974 a 0.065437
x 0.475086 y 0.764091 a 0.170754
x 0.838156 y 0.844856 a 0.228852
x 0.206800 y 0.638534 a -0.462540
x 0.261237 y 0.995827 a 0.301997
x 0.040964 y 0.864776 a -0.140953
x 0.579927 y 0.788199 a -0.445377
x 0.971577 y 0.853306 a -0.445550
x 0.319938 y 0.341951 a 0.104713
x 0.262572 y 0.539381 a 0.046550
x 0.283760 y 0.433870 a 0.022212
x 0.643571 y 0.263125 a 0.492524
x 0.441556 y 0.144330 a 0.077744
x 0.313416 y 0.921835 a 0.344681
x 0.370911 y 0.574353 a -0.011538
x 0.421547 y 0.892161 a 0.009708
x 0.963424 y 0.861331 a -0.250681
x 0.215155 y 0.104516 a 0.199311
x 0.959937 y 0.944010 a -0.008211
x 0.113056 y 0.898737 a 0.154726
x 0.016301 y 0.779160 a -0.186768
x 0.364866 y 0.778614 a -0.043994
x 0.256963 y 0.928304 a 0.201885
x 0.323827 y 0.056950 a 0.162930
x 0.438729 y 0.093127 a -0.011360
x 0.094027 y 0.898674 a 0.212631
x 0.292655 y 0.848228 a 0.193220
x 0.286096 y 0.550778 a 0.106701
x 0.210696 y 0.723776 a 0.111395
x 0.219673 y 0.338353 a 0.119052
x 0.244175 y 0.212776 a 0.493861
x 0.243034 y 0.212743 a 0.013338
x 0.209054 y 0.527092 a -0.105238
x 0.616349 y 0.723008 a 0.301781
x 0.345721 y 0.768433 a 0.104569
x 0.525931 y 0.841189 a 0.439770
x 0.735438 y 0.548588 a 0.298987
x 0.225642 y 0.944415 a 0.221032
x 0.271094 y 0.378773 a 0.368413
x 0.321067 y 0.456377 a -0.233240
x 0.343686 y 0.690865 a -0.188281
x 0.086140 y 0.930939 a 0.015682
x 0.101220 y 0.732798 a -0.248480
x 0.585968 y 0.868883 a -0.318636
x 0.182706 y 0.786055 a -0.028110
x 0.703932 y 0.676860 a -0.214287
x 0.265810 y 0.891473 a 0.135557
x 0.068569 y 0.319006 a 0.065741
x 0.195536 y 0.842270 a -0.010134
x 0.230240 y 0.488711 a 0.228563
x 0.283904 y 0.990758 a 0.284596
x 0.162570 y 0.082627 a 0.110972
x 0.345612 y 0.453568 a -0.191927
x 0.695700 y 0.789096 a -0.168643
x 0.262559 y 0.848816 a 0.047663
x 0.583480 y 0.768502 a -0.011540
x 0.214554 y 0.206624 a 0.089270
x 0.296814 y 0.788981 a 0.094496
x 0.242475 y 0.976845 a 0.306908
x 0.715259 y 0.838964 a -0.529936
x 0.756192 y 0.686554 a -0.667763
x 0.518104 y 0.785398 a 0.056118
x 0.221737 y 0.105183 a 0.197507
x 0.083905 y 0.679937 a 0.466994
x 0.256806 y 0.836820 a 0.149762
x 0.252651 y 0.529403 a 0.038090
x 0.357051 y 0.277743 a 0.091289
x 0.162100 y 0.848810 a -0.076805
x 0.125668 y 0.991417 a 0.250346
x 0.259527 y 0.346018 a 0.018780
x 0.267517 y 0.996246 a 0.289696
x 0.227652 y 0.433854 a -0.131000
x 0.290433 y 0.990466 a 0.383481
x 0.107926 y 0.802827 a -0.116920
x 0.257798 y 0.403088 a 0.193480
x 0.667735 y 0.417004 a -0.134597
x 0.109913 y 0.398717 a 0.484334
x 0.293967 y 0.415974 a 0.395730
x 0.153851 y 0.862686 a 0.055081
x 0.270751 y 0.908467 a 0.129471
x 0.112656 y 0.893867 a 0.017272
x 0.704911 y 0.701286 a -0.185419
x 0.722101 y 0.373565 a -0.341822
x 0.236548 y 0.851497 a 0.199515
x 0.974395 y 0.788388 a -0.098341
x 0.341053 y 0.964233 a 0.207813
x 0.075812 y 0.708562 a -0.105031
x 0.162620 y 0.743265 a -0.280171
x 0.350626 y 0.687986 a -0.169994
x 0.125325 y 0.108299 a 0.191519
x 0.337016 y 0.523838 a 0.184205
x 0.626771 y 0.102612 a 0.118388
x 0.343211 y 0.283372 a 0.098330
x 0.255879 y 0.979489 a 0.239858
x 0.911199 y 0.030775 a 0.021793
x 0.111007 y 0.399755 a 0.467916
x 0.303046 y 0.921607 a 0.154257
x 0.581405 y 0.787629 a -0.400982
x 0.446140 y 0.781045 a -0.120427
x 0.244680 y 0.774503 a 0.038695
x 0.561871 y 0.785323 a -0.200799
x 0.761755 y 0.810997 a -0.547939
x 0.326257 y 0.741841 a 0.024051
x 0.288951 y 0.933631 a 0.293756
x 0.432212 y 0.827184 a 0.590377
x 0.194224 y 0.916603 a 0.102413
x 0.301092 y 0.406294 a 0.336904
x 0.146136 y 0.695632 a 0.276118
x 0.637596 y 0.454627 a 0.100231
x 0.480870 y 0.453866 a 0.614014
x 0.182711 y 0.327359 a 0.091236
x 0.662947 y 0.241361 a 0.374490
x 0.776638 y 0.667302 a -0.578706
x 0.738308 y 0.107096 a 0.076996
x 0.937097 y 0.028457 a 0.045798
x 0.314150 y 0.792227 a 0.107739
x 0.609458 y 0.777711 a -0.501919
x 0.306286 y 0.836225 a 0.264652
x 0.917903 y 0.460319 a -0.207485
x 0.181022 y 0.235191 a 0.118115
x 0.479661 y 0.445816 a 0.543628
x 0.309516 y 0.031555 a 0.151405
x 0.276397 y 0.887197 a 0.101848
x 0.196957 y 0.207095 a 0.072916
x 0.158716 y 0.826235 a -0.215377
x 0.421106 y 0.067461 a 0.247209
x 0.270942 y 0.378638 a 0.347226
x 0.469755 y 0.099213 a 0.340889
x 0.232608 y 0.315668 a 0.032453
x 0.124736 y 0.331634 a 0.053870
x 0.032242 y 0.663294 a 0.491178
x 0.295043 y 0.458321 a -0.208430
x 0.203213 y 0.059879 a 0.185189
x 0.248283 y 0.984720 a 0.293613
x 0.330677 y 0.052020 a 0.224698
x 0.337972 y 0.651591 a -0.153256
x 0.430439 y 0.381116 a -0.472030
x 0.216512 y 0.816731 a 0.256727
x 0.796086 y 0.559072 a 0.293971
x 0.325978 y 0.139195 a 0.232863
x 0.732732 y 0.236949 a 0.032424
x 0.054334 y 0.722622 a -0.176777
x 0.256897 y 0.425480 a 0.017416
x 0.665685 y 0.851663 a -0.471061
x 0.692659 y 0.242095 a 0.354851
x 0.108837 y 0.310517 a 0.052363
x 0.889175 y 0.835647 a 0.096446
x 0.645375 y 0.840456 a -0.049687
x 0.213807 y 0.207062 a 0.156773
x 0.264251 y 0.831600 a 0.329110
x 0.478432 y 0.374641 a -0.395551
x 0.613676 y 0.618448 a 0.235798
x 0.311483 y 0.140378 a 0.153517
x 0.430775 y 0.818555 a 0.081085
x 0.246896 y 0.044652 a 0.063193
x 0.724294 y 0.873069 a -0.272244
x 0.785089 y 0.800884 a -0.630676
x 0.335030 y 0.082274 a -0.105708
x 0.742698 y 0.700899 a 0.416380
x 0.270914 y 0.832579 a 0.308311
x 0.045919 y 0.676788 a 0.284520
x 0.144493 y 0.096824 a 0.279678
x 0.949833 y 0.895174 a 0.030221
x 0.027565 y 0.869052 a -0.168551
x 0.098557 y 0.410189 a 0.235209
x 0.626454 y 0.657599 a 0.156430
x 0.626655 y 0.825330 a 0.005913
x 0.222901 y 0.721442 a 0.105157
x 0.230683 y 0.186560 a 0.377083
x 0.623682 y 0.373143 a -0.078068
x 0.003621 y 0.718518 a -0.000259
x 0.293942 y 0.252265 a 0.230422
x 0.368286 y 0.479811 a -0.103069
x 0.179962 y 0.879763 a 0.183480
x 0.340165 y 0.968650 a 0.232282
x 0.481509 y 0.442677 a 0.535770
x 0.279003 y 0.457983 a -0.197833
x 0.326115 y 0.080422 a 0.621782
x 0.681871 y 0.267997 a 0.433874
x 0.425397 y 0.268120 a 0.126622
x 0.622598 y 0.100268 a 0.110628
x 0.281486 y 0.707553 a 0.001800
x 0.462665 y 0.822738 a 0.636282
x 0.745559 y 0.817844 a -0.480706
x 0.011448 y 0.782282 a -0.056589
x 0.391670 y 0.960497 a 0.224540
x 0.283906 y 0.425240 a 0.125121
x 0.172368 y 0.322431 a 0.102712
x 0.598904 y 0.663951 a 0.458828
x 0.332217 y 0.413582 a 0.400798
x 0.149126 y 0.960956 a -0.012085
x 0.150058 y 0.693613 a 0.297523
x 0.099586 y 0.022985 a 0.110997
x 0.392529 y 0.162813 a 0.183032
x 0.287616 y 0.410417 a 0.139644
x 0.200430 y 0.985635 a 0.264250
x 0.252295 y 0.822091 a 0.298095
x 0.536355 y 0.183908 a 0.359351
x 0.440949 y 0.437332 a 0.684727
x 0.530007 y 0.089078 a 0.308739
x 0.363057 y 0.502750 a 0.098277
x 0.350241 y 0.928627 a 0.302405
x 0.220391 y 0.858966 a 0.085649
x 0.555028 y 0.088740 a 0.144202
x 0.212079 y 0.073921 a 0.206061
x 0.389265 y 0.961214 a 0.186871
x 0.687249 y 0.639035 a -0.121377
x 0.500198 y 0.372196 a -0.291178
x 0.275113 y 0.700188 a 0.149529
x 0.231715 y 0.912068 a 0.353146
x 0.610826 y 0.171811 a 0.178729
x 0.277415 y 0.826830 a 0.222491
x 0.305761 y 0.917214 a -0.036846
x 0.493380 y 0.378161 a 0.430497
x 0.156155 y 0.408065 a 0.236948
x 0.760046 y 0.169407 a 0.043882
x 0.147867 y 0.895683 a 0.066156
x 0.313594 y 0.855151 a -0.005394
x 0.221758 y 0.162875 a 0.260947
x 0.599218 y 0.247340 a 0.409783
x 0.425446 y 0.817079 a 0.024504
x 0.298323 y 0.415752 a 0.413980
x 0.230981 y 0.838669 a 0.065857
x 0.988537 y 0.025209 a 0.047680
x 0.256248 y 0.452327 a 0.105403
x 0.317050 y 0.139556 a 0.187596
x 0.317387 y 0.064058 a 0.352289
x 0.917158 y 0.921193 a -0.251038
x 0.693692 y 0.381159 a -0.192558
x 0.357475 y 0.650085 a 0.027106
x 0.564309 y 0.812449 a -0.240708
x 0.021847 y 0.937254 a 0.019785
x 0.821018 y 0.247397 a -0.178662
x 0.769777 y 0.147765 a -0.173383
x 0.664075 y 0.241609 a 0.387240
x 0.314245 y 0.401921 a 0.312886
x 0.772672 y 0.628982 a 0.260219
x 0.181516 y 0.642936 a 0.117575
x 0.067222 y 0.858290 a -0.180046
x 0.348597 y 0.957952 a 0.185270
x 0.158085 y 0.427507 a -0.071141
x 0.645642 y 0.267720 a 0.337366
x 0.691621 y 0.594189 a 0.303607
x 0.100281 y 0.766188 a -0.594893
x 0.422393 y 0.707047 a -0.106565
x 0.032640 y 0.178668 a -0.022379
x 0.495382 y 0.452744 a -0.285102
x 0.619685 y 0.219550 a 0.353556
x 0.333163 y 0.817088 a 0.081287
x 0.585871 y 0.114266 a 0.154088
x 0.578776 y 0.378144 a -0.004712
x 0.621955 y 0.172630 a 0.172240
x 0.193469 y 0.860797 a 0.016861
x 0.174727 y 0.997256 a 0.271105
x 0.090353 y 0.318154 a 0.114405
x 0.893859 y 0.918068 a -0.300028
x 0.163248 y 0.320174 a 0.078857
x 0.247061 y 0.531395 a -0.057052
x 0.174306 y 0.966961 a 0.200010
x 0.247480 y 0.847044 a -0.541751
x 0.205260 y 0.781169 a -0.118014
x 0.336919 y 0.082620 a -0.154519
x 0.432283 y 0.954747 a 0.215972
x 0.082870 y 0.841171 a -0.123243
x 0.346590 y 0.467399 a -0.239490
x 0.178513 y 0.475954 a -0.024237
x 0.294718 y 0.202337 a 0.390848
x 0.336166 y 0.739936 a 0.108291
x 0.247445 y 0.025660 a -0.017702
x 0.091693 y 0.758361 a -0.311684
x 0.363397 y 0.254186 a 0.413537
x 0.274794 y 0.027214 a -0.157440
x 0.333912 y 0.749217 a 0.019844
x 0.365109 y 0.330246 a 0.195139
x 0.130451 y 0.763744 a -0.444651
x 0.320594 y 0.470956 a -0.234136
x 0.096360 y 0.294779 a -0.106670
x 0.510261 y 0.987537 a -0.334813
x 0.161648 y 0.745887 a -0.310101
x 0.665106 y 0.423680 a -0.081247
x 0.343761 y 0.942142 a 0.321614
x 0.177829 y 0.684309 a 0.148558
x 0.149220 y 0.878183 a 0.113075
x 0.253091 y 0.213965 a 0.014191
x 0.441091 y 0.752275 a 0.242475
x 0.200506 y 0.072137 a 0.209305
x 0.357133 y 0.851974 a 0.137028
x 0.982079 y 0.647508 a -0.621721
x 0.216675 y 0.145395 a 0.206529
x 0.218830 y 0.202702 a 0.045470
x 0.633393 y 0.770923 a -0.493577
x 0.779953 y 0.840658 a 0.184316
x 0.830578 y 0.138354 a -0.284013
x 0.270456 y 0.435928 a -0.188618
x 0.221309 y 0.937612 a 0.059033
x 0.175123 y 0.904328 a 0.235936
x 0.982455 y 0.850929 a -0.367482
x 0.279652 y 0.433201 a -0.008473
x 0.312756 y 0.829998 a 0.264064
x 0.256029 y 0.882881 a 0.042683
x 0.544457 y 0.231499 a 0.477137
x 0.244736 y 0.081283 a 0.018832
x 0.262071 y 0.046061 a 0.091130
x 0.624025 y 0.101693 a 0.101267
x 0.035363 y 0.510338 a -0.559728
x 0.838014 y 0.635336 a -0.687777
x 0.305656 y 0.971792 a 0.272920
x 0.658984 y 0.268406 a 0.465527
x 0.934564 y 0.624224 a -0.524337
x 0.292999 y 0.997612 a 0.273451
x 0.341544 y 0.415835 a 0.358854
x 0.512805 y 0.079912 a 0.071231
x 0.226760 y 0.258544 a 0.032693
x 0.643026 y 0.701378 a -0.101103
x 0.371368 y 0.948757 a 0.436976
x 0.248359 y 0.827762 a 0.259996
x 0.216949 y 0.163314 a 0.235617
x 0.257390 y 0.048058 a 0.329284
x 0.513214 y 0.095843 a 0.136135
x 0.643868 y 0.876144 a -0.708604
x 0.410995 y 0.850641 a 0.103365
x 0.263668 y 0.949265 a 0.267388
x 0.304773 y 0.029230 a -0.080888
x 0.132241 y 0.827765 a -0.110955
x 0.206029 y 0.198107 a 0.354424
x 0.273986 y 0.826766 a 0.261199
x 0.297556 y 0.334510 a 0.231352
x 0.236489 y 0.594937 a 0.047579
x 0.265215 y 0.831196 a 0.332094
x 0.003309 y 0.637802 a -0.641817
x 0.143784 y 0.795974 a 0.034271
x 0.272040 y 0.793384 a 0.130998
x 0.524917 y 0.473300 a -0.183252
x 0.113155 y 0.840782 a -0.168004
x 0.211062 y 0.998782 a 0.318457
x 0.317814 y 0.956752 a 0.211034
x 0.254024 y 0.948127 a 0.196340
x 0.206044 y 0.998067 a 0.277994
x 0.637421 y 0.417791 a -0.134717
x 0.345773 y 0.768319 a 0.144568
x 0.310135 y 0.735965 a -0.048549
x 0.220627 y 0.932919 a 0.157029
x 0.206579 y 0.165934 a 0.214582
x 0.564638 y 0.393572 a 0.254147
x 0.245719 y 0.442530 a 0.193167
x 0.542270 y 0.813632 a -0.368541
x 0.218162 y 0.946461 a 0.165260
x 0.109216 y 0.706980 a -0.293550
x 0.254403 y 0.801011 a 0.062563
x 0.278677 y 0.457868 a -0.183574
x 0.433588 y 0.682693 a -0.208012
x 0.245922 y 0.072520 a 0.182949
x 0.264009 y 0.705329 a -0.013317
x 0.936219 y 0.491277 a -0.105779
x 0.306757 y 0.923413 a 0.255025
x 0.238084 y 0.873700 a -0.028309
x 0.022223 y 0.859087 a -0.194542
x 0.612434 y 0.881683 a -0.369998
x 0.124276 y 0.888370 a 0.144020
x 0.278194 y 0.835307 a 0.218777
x 0.124332 y 0.109955 a 0.196243
x 0.557907 y 0.414107 a -0.037503
x 0.790074 y 0.666065 a -0.680008
x 0.465287 y 0.815011 a -0.250814
x 0.191827 y 0.138373 a 0.163791
x 0.251829 y 0.456137 a -0.002577
x 0.311213 y 0.841036 a 0.481004
x 0.564784 y 0.191055 a 0.333402
x 0.329530 y 0.743636 a 0.134802
x 0.967039 y 0.654841 a -0.527941
x 0.156747 y 0.897270 a 0.077145
x 0.088271 y 0.916814 a 0.146267
x 0.258475 y 0.655837 a -0.290973
x 0.482689 y 0.105420 a 0.342409
x 0.322962 y 0.972176 a 0.226855
x 0.453151 y 0.432022 a 0.594260
x 0.460679 y 0.370580 a -0.477490
x 0.010839 y 0.778296 a -0.165215
x 0.108335 y 0.786181 a -0.193713
x 0.506460 y 0.798891 a -0.970662
x 0.333340 y 0.026129 a 0.305661
x 0.238764 y 0.378229 a 0.196727
x 0.916477 y 0.916415 a -0.305506
x 0.328383 y 0.670720 a -0.169409
x 0.520286 y 0.784278 a -0.067449
x 0.885844 y 0.845682 a 0.000385
x 0.165511 y 0.861987 a 0.044361
x 0.351659 y 0.847721 a 0.158550
x 0.229853 y 0.826471 a 0.197253
x 0.040176 y 0.795493 a -0.553261
x 0.337315 y 0.271914 a 0.137925
x 0.301927 y 0.035817 a 0.008526
x 0.986438 y 0.504800 a -0.568067
x 0.182410 y 0.497766 a 0.004342
x 0.206778 y 0.827727 a 0.044903
x 0.050245 y 0.022989 a 0.097916
x 0.270357 y 0.995029 a 0.280824
x 0.302981 y 0.917040 a -0.094069
x 0.114903 y 0.092071 a 0.266756
x 0.488117 y 0.171169 a 0.306746
x 0.294329 y 0.918715 a 0.175967
x 0.614737 y 0.731255 a 0.371860
x 0.361710 y 0.510050 a 0.142395
x 0.809369 y 0.747185 a -0.269524
x 0.135898 y 0.244508 a 0.206344
x 0.727503 y 0.798111 a -0.098386
x 0.181926 y 0.859490 a 0.002683
x 0.087726 y 0.681109 a 0.473395
x 0.608830 y 0.614545 a -0.137180
x 0.573629 y 0.089461 a 0.131205
x 0.485128 y 0.370007 a -0.362479
x 0.204761 y 0.737693 a -0.247678
x 0.340242 y 0.964116 a 0.192804
x 0.591977 y 0.962219 a -0.586767
x 0.215270 y 0.878156 a 0.070160
x 0.819820 y 0.012735 a -0.191636
x 0.246080 y 0.849314 a -0.033695
x 0.612374 y 0.881781 a -0.368640
x 0.051738 y 0.916464 a 0.115427
x 0.521387 y 0.783989 a -0.103888
x 0.131160 y 0.794903 a -0.020667
x 0.207239 y 0.562528 a -0.036996
x 0.402703 y 0.779577 a -0.066207
x 0.438562 y 0.279020 a 0.076754
x 0.139284 y 0.241231 a 0.147913
x 0.410073 y 0.816103 a -0.072676
x 0.272138 y 0.877156 a -0.165335
x 0.335756 y 0.549869 a -0.050349
x 0.283207 y 0.708518 a 0.015059
x 0.100796 y 0.087565 a 0.210515
x 0.255842 y 0.847604 a 0.072956
x 0.903622 y 0.075396 a -0.356850
x 0.450264 y 0.430384 a 0.567214
x 0.459614 y 0.794395 a -0.059372
x 0.306579 y 0.688679 a -0.121384
x 0.312868 y 0.176536 a 0.287839
x 0.706178 y 0.373496 a -0.392602
x 0.434005 y 0.950635 a 0.320871
x 0.153590 y 0.006293 a 0.069818
x 0.200259 y 0.831963 a -0.163809
x 0.261672 y 0.380976 a 0.308020
x 0.196203 y 0.890057 a 0.187724
x 0.465152 y 0.825348 a 0.578419
x 0.279378 y 0.777586 a -0.067506
x 0.220845 y 0.028639 a 0.240735
x 0.277658 y 0.803358 a 0.012346
x 0.227129 y 0.022450 a 0.357776
x 0.086065 y 0.829255 a -0.191657
x 0.291670 y 0.056855 a 0.128253
x 0.752210 y 0.784363 a -0.288663
x 0.358744 y 0.765868 a 0.092057
x 0.389296 y 0.782576 a 0.086632
x 0.132897 y 0.796058 a 0.113331
x 0.255907 y 0.418815 a 0.111438
x 0.718252 y 0.834206 a -0.453136
x 0.669878 y 0.270333 a 0.326973
x 0.065747 y 0.783036 a -0.559503
x 0.482131 y 0.370253 a 0.417910
x 0.194386 y 0.842212 a -0.009069
x 0.184194 y 0.860346 a -0.039802
x 0.297608 y 0.457985 a -0.234742
x 0.470783 y 0.096136 a 0.080994
x 0.415746 y 0.915191 a 0.129372
x 0.218557 y 0.334708 a 0.120571
x 0.357641 y 0.821617 a 0.071870
x 0.257632 y 0.894882 a 0.166332
x 0.213236 y 0.808210 a 0.051571
x 0.204211 y 0.306052 a 0.067420
x 0.237711 y 0.952143 a 0.095899
x 0.170685 y 0.878881 a 0.149073
x 0.664721 y 0.636436 a -0.070933
x 0.173681 y 0.521951 a -0.027482
x 0.153713 y 0.478152 a -0.010598
x 0.712907 y 0.099970 a 0.130913
x 0.203770 y 0.907235 a 0.279704
x 0.246582 y 0.445967 a -0.256346
x 0.434237 y 0.817976 a 0.013772
x 0.334143 y 0.407571 a 0.352922
x 0.311987 y 0.901846 a 0.146607
x 0.288276 y 0.872654 a 0.070410
x 0.221205 y 0.002988 a 0.228922
x 0.349818 y 0.847186 a 0.185576
x 0.367930 y 0.768928 a 0.062448
x 0.252253 y 0.134879 a 0.343552
x 0.191807 y 0.164547 a 0.223678
x 0.270068 y 0.254086 a 0.086811
x 0.083911 y 0.869534 a 0.000998
x 0.330562 y 0.652474 a -0.078972
x 0.265410 y 0.721876 a 0.166140
x 0.642952 y 0.934613 a -0.674547
x 0.646684 y 0.116197 a 0.134099
x 0.400193 y 0.889183 a 0.004522
x 0.157193 y 0.821494 a -0.219933
x 0.088628 y 0.608594 a -0.015791
x 0.620292 y 0.705761 a 0.079208
x 0.661524 y 0.261847 a 0.445083
x 0.385489 y 0.516129 a 0.121792
x 0.037439 y 0.799876 a 0.090009
x 0.334301 y 0.396531 a 0.479355
x 0.171586 y 0.418098 a 0.268866
x 0.238009 y 0.004595 a 0.252696
x 0.612777 y 0.724401 a 0.332138
x 0.827391 y 0.913767 a -0.167515
x 0.196849 y 0.968280 a 0.192534
x 0.188199 y 0.447287 a 0.023545
x 0.280995 y 0.457068 a 0.363747
x 0.231866 y 0.767221 a -0.305781
x 0.117417 y 0.308708 a 0.081310
x 0.370503 y 0.096562 a 0.523610
x 0.292249 y 0.204383 a 0.407913
x 0.071907 y 0.318516 a 0.111445
x 0.190024 y 0.880764 a 0.158645
x 0.213012 y 0.003042 a 0.187724
x 0.335582 y 0.860261 a 0.050026
x 0.257035 y 0.531893 a -0.000773
x 0.091336 y 0.898595 a 0.166608
x 0.195014 y 0.916217 a 0.203171
x 0.933540 y 0.029139 a 0.058515
x 0.128053 y 0.828448 a -0.028956
x 0.232402 y 0.222157 a 0.437031
x 0.281829 y 0.886791 a 0.103884
x 0.025954 y 0.917608 a 0.107526
x 0.183214 y 0.909824 a 0.120061
x 0.996615 y 0.231449 a 0.052510
x 0.544683 y 0.083814 a 0.179377
x 0.605877 y 0.286493 a 0.389216
x 0.327931 y 0.738701 a 0.046084
x 0.493692 y 0.867669 a -0.082470
x 0.215627 y 0.146421 a 0.184867
x 0.293118 y 0.511374 a 0.171091
x 0.169743 y 0.855671 a -0.094796
x 0.425754 y 0.431403 a 0.476638
x 0.581192 y 0.811300 a 0.131716
x 0.244503 y 0.846214 a -0.475518
x 0.268493 y 0.916130 a 0.245418
x 0.535812 y 0.081331 a 0.179169
x 0.294517 y 0.510905 a 0.172494
x 0.065980 y 0.598016 a -0.916219
x 0.250620 y 0.925062 a 0.247778
x 0.243984 y 0.342752 a 0.102211
x 0.217754 y 0.336336 a 0.110025
x 0.422305 y 0.220843 a 0.377022
x 0.156528 y 0.860307 a 0.086106
x 0.503722 y 0.900760 a -0.212824
x 0.607312 y 0.347889 a 0.349304
x 0.421329 y 0.424752 a 0.628029
x 0.809185 y 0.780804 a -0.103663
x 0.572946 y 0.087539 a 0.155895
x 0.930399 y 0.495952 a -0.145595
x 0.350507 y 0.415226 a 0.341666
x 0.339385 y 0.768759 a 0.142339
x 0.264474 y 0.835593 a 0.179844
x 0.081875 y 0.798598 a 0.082400
x 0.388731 y 0.742840 a 0.431648
x 0.719682 y 0.545990 a 0.312508
x 0.217442 y 0.857306 a 0.126710
x 0.211822 y 0.266828 a -0.032879
x 0.050577 y 0.621975 a -0.508692
x 0.762199 y 0.814427 a -0.624086
x 0.199995 y 0.976712 a 0.266182
x 0.964611 y 0.750794 a -0.171046
x 0.299040 y 0.892914 a 0.117973
x 0.382757 y 0.074177 a 0.129509
x 0.018974 y 0.800554 a 0.080562
x 0.275492 y 0.990682 a 0.279271
x 0.254801 y 0.373054 a 0.075877
x 0.244955 y 0.044162 a 0.056721
x 0.797713 y 0.373134 a -0.293130
x 0.675237 y 0.929230 a -0.274563
x 0.127155 y 0.054942 a 0.120980
x 0.996431 y 0.850635 a 0.030286
x 0.240071 y 0.873325 a -0.113514
x 0.265861 y 0.448093 a 0.086739
x 0.259353 y 0.948648 a 0.251453
x 0.403073 y 0.085246 a 0.197418
x 0.223289 y 0.920541 a 0.268495
x 0.398867 y 0.269009 a 0.495600
x 0.614034 y 0.795037 a -0.248537
