x 0.371377 y 0.681024 a 0.203344
x 0.021705 y 0.536971 a 0.176109
x 0.765979 y 0.838675 a -0.074001
x 0.489104 y 0.941645 a 0.048385
x 0.366986 y 0.156589 a -0.000629
x 0.734745 y 0.561793 a -1.042470
x 0.390457 y 0.485873 a 0.072676
x 0.157391 y 0.333344 a 0.257631
x 0.655772 y 0.712090 a -0.490658
x 0.453575 y 0.012373 a 0.035350
x 0.041006 y 0.045618 a 0.226259
x 0.311560 y 0.996944 a 0.141841
x 0.292740 y 0.534867 a 0.130692
x 0.844530 y 0.411614 a -0.407761
x 0.350610 y 0.924658 a 0.005611
x 0.424481 y 0.903677 a 0.025443
x 0.183124 y 0.168340 a -0.099126
x 0.730233 y 0.548012 a -1.043131
x 0.408919 y 0.568560 a 0.036789
x 0.317018 y 0.409619 a 0.118882
x 0.443796 y 0.937716 a -0.118211
x 0.476848 y 0.377188 a 0.083457
x 0.183392 y 0.792061 a 0.119424
x 0.728653 y 0.655310 a -0.601169
x 0.293095 y 0.181776 a -0.066655
x 0.244445 y 0.145379 a 0.101698
x 0.814796 y 0.440297 a 0.191250
x 0.808692 y 0.448585 a 0.122529
x 0.397492 y 0.791876 a 0.022353
x 0.710538 y 0.731873 a -0.388322
x 0.375940 y 0.926217 a -0.059676
x 0.299221 y 0.994286 a 0.173170
x 0.391021 y 0.262668 a 0.088863
x 0.357089 y 0.061171 a 0.381971
x 0.370965 y 0.826355 a -0.043450
x 0.089651 y 0.050764 a 0.269902
x 0.751232 y 0.710811 a -0.378669
x 0.445368 y 0.805609 a 0.268454
x 0.374634 y 0.827163 a -0.067986
x 0.360966 y 0.378833 a 0.098604
x 0.078628 y 0.753777 a -0.167884
x 0.424797 y 0.829185 a -0.087146
x 0.436949 y 0.862858 a 0.194207
x 0.417713 y 0.814363 a 0.487020
x 0.363061 y 0.029283 a 0.030346
x 0.568603 y 0.105987 a -0.022114
x 0.355046 y 0.558284 a 0.036307
x 0.031694 y 0.756780 a -0.156946
x 0.708654 y 0.922799 a 0.034899
x 0.489695 y 0.590773 a -0.699433
x 0.281984 y 0.993697 a 0.192074
x 0.779062 y 0.423788 a -0.289499
x 0.692540 y 0.732546 a -0.266121
x 0.089564 y 0.819521 a 0.157232
x 0.147231 y 0.325547 a 0.016255
x 0.035940 y 0.044953 a 0.223835
x 0.763275 y 0.244972 a 0.110604
x 0.389711 y 0.420597 a 0.023282
x 0.635360 y 0.728856 a -0.348652
x 0.839738 y 0.240758 a 0.107211
x 0.340050 y 0.522845 a 0.017785
x 0.623046 y 0.735448 a -0.141671
x 0.185548 y 0.067482 a -0.071459
x 0.772074 y 0.288720 a 0.169436
x 0.822830 y 0.490554 a -0.723820
x 0.653255 y 0.575061 a -0.307187
x 0.532390 y 0.004744 a -0.078572
x 0.736743 y 0.648465 a -0.643585
x 0.129756 y 0.688272 a 0.401669
x 0.724650 y 0.027241 a -0.289065
x 0.494560 y 0.805091 a -0.261790
x 0.797007 y 0.425863 a -0.327519
x 0.291068 y 0.731682 a 0.038072
x 0.751191 y 0.355933 a 0.121117
x 0.591306 y 0.576853 a -0.112517
x 0.779307 y 0.805839 a -0.327766
x 0.473490 y 0.377592 a 0.085281
x 0.415673 y 0.805976 a 0.044832
x 0.307627 y 0.617627 a 0.176120
x 0.171529 y 0.335397 a 0.249755
x 0.231980 y 0.133719 a 0.387719
x 0.763726 y 0.563532 a -0.725824
x 0.689019 y 0.587528 a -0.174944
x 0.667102 y 0.707427 a -0.489808
x 0.441805 y 0.954972 a 0.009108
x 0.418135 y 0.803472 a 0.188780
x 0.320230 y 0.663300 a 0.204926
x 0.375451 y 0.457000 a 0.111251
x 0.509179 y 0.608594 a -0.265973
x 0.757163 y 0.539311 a -0.949199
x 0.105483 y 0.794609 a 0.051440
x 0.109331 y 0.697647 a 0.404824
x 0.415754 y 0.861957 a 0.124649
x 0.315685 y 0.952756 a -0.108334
x 0.636814 y 0.472624 a 0.439561
x 0.853374 y 0.754897 a -0.608407
x 0.823586 y 0.827992 a -0.058330
x 0.836873 y 0.807352 a -0.449992
x 0.472480 y 0.360783 a 0.010896
x 0.403279 y 0.894369 a -0.015632
x 0.424841 y 0.929702 a -0.187508
x 0.105903 y 0.793853 a 0.071123
x 0.381040 y 0.748730 a 0.228545
x 0.663181 y 0.418480 a -0.543045
x 0.670362 y 0.760307 a -0.453568
x 0.724959 y 0.576946 a -0.538308
x 0.447241 y 0.776010 a 0.039337
x 0.455974 y 0.204138 a 0.031319
x 0.170649 y 0.548479 a 0.195073
x 0.812475 y 0.875504 a -0.254707
x 0.355291 y 0.837261 a -0.148694
x 0.462559 y 0.392951 a 0.269440
x 0.459528 y 0.993841 a 0.057733
x 0.512497 y 0.211852 a 0.037375
x 0.795595 y 0.512821 a -0.917097
x 0.566674 y 0.604212 a -0.233128
x 0.653708 y 0.772349 a -0.507159
x 0.326831 y 0.742647 a 0.199951
x 0.799208 y 0.442259 a -0.161034
x 0.654631 y 0.766018 a -0.442320
x 0.540889 y 0.874980 a 0.063063
x 0.475853 y 0.907435 a 0.003581
x 0.440115 y 0.851393 a 0.026500
x 0.399074 y 0.186353 a 0.046084
x 0.318222 y 0.831115 a -0.194666
x 0.562409 y 0.863634 a -0.166022
x 0.418883 y 0.295516 a 0.123892
x 0.452345 y 0.881706 a 0.029937
x 0.025851 y 0.821570 a 0.057166
x 0.509802 y 0.606220 a -0.213609
x 0.379054 y 0.808360 a 0.206424
x 0.719931 y 0.557893 a -0.980080
x 0.441973 y 0.994096 a 0.102557
x 0.554867 y 0.866298 a -0.210400
x 0.483135 y 0.297082 a 0.146592
x 0.585997 y 0.923239 a -0.044749
x 0.528517 y 0.005376 a 0.067035
x 0.555823 y 0.870757 a -0.257313
x 0.145137 y 0.665340 a 0.368624
x 0.004146 y 0.628822 a 0.383477
x 0.727024 y 0.921319 a 0.028708
x 0.719944 y 0.747953 a -0.544258
x 0.841558 y 0.685683 a -0.607114
x 0.444650 y 0.805933 a 0.218074
x 0.588753 y 0.353962 a 0.174195
x 0.598018 y 0.776679 a -0.319001
x 0.734631 y 0.411563 a -0.497124
x 0.378536 y 0.711219 a 0.004072
x 0.608446 y 0.891308 a -0.161943
x 0.797154 y 0.781213 a -0.496648
x 0.840907 y 0.288693 a 0.154590
x 0.857938 y 0.432601 a -0.375937
x 0.764141 y 0.562755 a -0.712013
x 0.315572 y 0.272760 a 0.227592
x 0.361578 y 0.437368 a 0.194581
x 0.242660 y 0.981348 a 0.016189
x 0.387180 y 0.995489 a 0.169347
x 0.181309 y 0.991641 a -0.007220
x 0.439798 y 0.902314 a 0.003405
x 0.782096 y 0.863620 a -0.263096
x 0.473454 y 0.720461 a -0.012036
x 0.538082 y 0.025460 a -0.047880
x 0.813787 y 0.877027 a -0.286348
x 0.675560 y 0.936924 a 0.052591
x 0.363038 y 0.971712 a 0.050616
x 0.877009 y 0.435639 a -0.364721
x 0.608768 y 0.740610 a -0.294801
x 0.777299 y 0.419249 a -0.446130
x 0.419183 y 0.877323 a 0.097543
x 0.237838 y 0.740815 a 0.489779
x 0.684271 y 0.590372 a -1.006063
x 0.340113 y 0.006224 a 0.085548
x 0.747480 y 0.782192 a -0.221118
x 0.339224 y 0.431708 a 0.133749
x 0.360181 y 0.971100 a 0.051559
x 0.264783 y 0.722789 a 0.163009
x 0.678392 y 0.282921 a 0.183315
x 0.543578 y 0.393049 a 0.130573
x 0.845169 y 0.424359 a 0.236417
x 0.535954 y 0.935265 a -0.086999
x 0.399814 y 0.503561 a 0.103801
x 0.464332 y 0.800263 a 0.274283
x 0.815947 y 0.773529 a -0.609782
x 0.877659 y 0.546781 a -0.628662
x 0.085249 y 0.048914 a 0.204807
x 0.313133 y 0.744537 a 0.157891
x 0.808690 y 0.422560 a 0.201844
x 0.283855 y 0.851095 a 0.527339
x 0.105965 y 0.979231 a 0.018606
x 0.459055 y 0.046028 a -0.007354
x 0.770414 y 0.527572 a -0.940538
x 0.493910 y 0.657029 a 0.015131
x 0.951698 y 0.533796 a -0.628292
x 0.302188 y 0.856833 a 0.338878
x 0.805291 y 0.697474 a -0.707364
x 0.737765 y 0.838891 a -0.093778
x 0.525017 y 0.559315 a 0.002173
x 0.820479 y 0.427791 a 0.140170
x 0.703347 y 0.399750 a 0.179883
x 0.327069 y 0.409535 a 0.059183
x 0.867450 y 0.555596 a -0.593852
x 0.370091 y 0.560723 a 0.049901
x 0.397910 y 0.929148 a -0.136316
x 0.400479 y 0.012230 a 0.259566
x 0.437459 y 0.817604 a 0.409788
x 0.286364 y 0.814155 a -0.182618
x 0.593832 y 0.578431 a -0.150509
x 0.492067 y 0.295485 a 0.125112
x 0.792429 y 0.748056 a -0.291314
x 0.092461 y 0.542064 a 0.194553
x 0.459864 y 0.808485 a -0.174893
x 0.042284 y 0.984736 a 0.013079
x 0.421029 y 0.536117 a 0.009877
x 0.236037 y 0.068988 a -0.083171
x 0.599676 y 0.733885 a -0.461641
x 0.774695 y 0.421235 a -0.279015
x 0.461009 y 0.934441 a -0.096453
x 0.856346 y 0.526536 a -0.736250
x 0.592667 y 0.594872 a -0.188599
x 0.616093 y 0.716801 a -0.601064
x 0.168461 y 0.824036 a 0.262330
x 0.518115 y 0.751713 a -0.303497
x 0.647275 y 0.769177 a -0.503399
x 0.341704 y 0.555538 a 0.045269
x 0.537778 y 0.677684 a -0.207422
x 0.547527 y 0.352009 a 0.151991
x 0.515719 y 0.510704 a 0.076426
x 0.447597 y 0.805486 a 0.316620
x 0.881033 y 0.562781 a -0.478241
x 0.731814 y 0.575518 a -0.230648
x 0.722103 y 0.703991 a -0.782563
x 0.474655 y 0.805239 a 0.318107
x 0.399180 y 0.714443 a -0.032728
x 0.381626 y 0.436848 a 0.334086
x 0.702330 y 0.925318 a -0.019469
x 0.331047 y 0.553518 a 0.057793
x 0.341593 y 0.432376 a 0.097253
x 0.513893 y 0.213242 a 0.053702
x 0.434310 y 0.469796 a 0.104652
x 0.491684 y 0.597379 a -0.319342
x 0.418001 y 0.519060 a 0.022866
x 0.323154 y 0.819740 a 0.032963
x 0.413624 y 0.917895 a 0.032843
x 0.826084 y 0.691939 a -0.627115
x 0.401722 y 0.017030 a 0.069460
x 0.712072 y 0.857373 a -0.226538
x 0.495127 y 0.580271 a -0.036251
x 0.752424 y 0.404820 a -0.477087
x 0.271585 y 0.791885 a 0.131465
x 0.510182 y 0.278877 a 0.100001
x 0.493243 y 0.813565 a 0.303345
x 0.474081 y 0.181631 a 0.046751
x 0.579467 y 0.207901 a 0.029320
x 0.303648 y 0.990758 a 0.271159
x 0.649160 y 0.746756 a -0.404702
x 0.457773 y 0.609029 a -0.431338
x 0.613769 y 0.354099 a 0.167695
x 0.820129 y 0.771378 a -0.644602
x 0.659750 y 0.764034 a -0.479007
x 0.681468 y 0.283931 a 0.181555
x 0.825787 y 0.574240 a -0.598192
x 0.495992 y 0.944574 a 0.125005
x 0.519203 y 0.215368 a 0.035912
x 0.421114 y 0.546527 a 0.018522
x 0.817115 y 0.697129 a -0.632636
x 0.827108 y 0.350458 a 0.113872
x 0.380914 y 0.418265 a -0.008748
x 0.701708 y 0.935855 a 0.059400
x 0.806330 y 0.852835 a -0.274893
x 0.197680 y 0.828783 a 0.358847
x 0.496809 y 0.666642 a 0.098830
x 0.458584 y 0.357556 a 0.022415
x 0.880971 y 0.749858 a -0.178125
x 0.712709 y 0.642743 a -0.481999
x 0.272506 y 0.811292 a -0.375066
x 0.522582 y 0.714157 a -0.045565
x 0.384624 y 0.691289 a 0.227057
x 0.622400 y 0.395011 a 0.243324
x 0.735373 y 0.559316 a -1.012506
x 0.473736 y 0.848494 a 0.037787
x 0.531990 y 0.024636 a 0.136460
x 0.989992 y 0.989897 a 0.002844
x 0.514218 y 0.608217 a -0.269544
x 0.223638 y 0.009395 a 0.064729
x 0.407666 y 0.529012 a -0.033353
x 0.322672 y 0.053601 a 0.361843
x 0.317477 y 0.551278 a 0.050299
x 0.695603 y 0.590889 a -0.353410
x 0.584175 y 0.852522 a -0.029846
x 0.582988 y 0.961870 a -0.214051
x 0.459997 y 0.856084 a 0.006240
x 0.361447 y 0.169603 a 0.023736
x 0.731733 y 0.739145 a -0.579766
x 0.401492 y 0.011600 a 0.337942
x 0.729513 y 0.582774 a -0.510641
x 0.574713 y 0.935331 a -0.122159
x 0.350127 y 0.953003 a -0.046302
x 0.079397 y 0.343062 a 0.013677
x 0.482176 y 0.926803 a -0.004013
x 0.380588 y 0.937787 a -0.089513
x 0.377553 y 0.440299 a 0.155311
x 0.757994 y 0.541488 a -0.963154
x 0.898038 y 0.844179 a -0.128164
x 0.359656 y 0.569365 a 0.010932
x 0.649556 y 0.956079 a -0.217744
x 0.372694 y 0.515269 a -0.020365
x 0.452503 y 0.012656 a 0.027920
x 0.611634 y 0.719426 a -0.195244
x 0.717763 y 0.397776 a -0.610213
x 0.466402 y 0.948329 a 0.002690
x 0.460774 y 0.259851 a 0.084271
x 0.294333 y 0.193669 a -0.000551
x 0.390315 y 0.896751 a -0.024134
x 0.736642 y 0.909478 a -0.213609
x 0.385385 y 0.836884 a -0.080329
x 0.585993 y 0.890951 a -0.174225
x 0.726239 y 0.657225 a -0.620110
x 0.002103 y 0.043241 a 0.169121
x 0.080274 y 0.651676 a 0.395280
x 0.292749 y 0.440746 a 0.093945
x 0.414193 y 0.294173 a 0.156129
x 0.748342 y 0.885011 a -0.297664
x 0.362760 y 0.831209 a -0.101643
x 0.220731 y 0.335341 a 0.215251
x 0.951736 y 0.832067 a -0.034948
x 0.919644 y 0.523178 a -0.620947
x 0.810194 y 0.690705 a -0.590638
x 0.260894 y 0.793172 a 0.141848
x 0.400434 y 0.574915 a -0.043122
x 0.340585 y 0.004572 a 0.142659
x 0.189808 y 0.722330 a 0.452914
x 0.310052 y 0.326755 a 0.185371
x 0.239136 y 0.979697 a 0.059714
x 0.414312 y 0.860975 a 0.184990
x 0.587784 y 0.579923 a -0.123802
x 0.782945 y 0.449112 a 0.169102
x 0.777118 y 0.458839 a 0.237864
x 0.133300 y 0.905224 a -0.221421
x 0.714155 y 0.862442 a -0.222790
x 0.919214 y 0.044728 a 0.073463
x 0.443266 y 0.857410 a 0.010908
x 0.261908 y 0.481507 a -0.089978
x 0.368668 y 0.709891 a -0.014914
x 0.424756 y 0.428686 a 0.056729
x 0.480715 y 0.127075 a -0.014575
x 0.467077 y 0.552382 a -0.001737
x 0.416962 y 0.294976 a 0.140490
x 0.693938 y 0.592784 a -0.372541
x 0.457396 y 0.929862 a -0.099859
x 0.190032 y 0.652758 a 0.332160
x 0.441099 y 0.880539 a 0.004043
x 0.629362 y 0.671059 a -0.434615
x 0.375426 y 0.610928 a -0.112278
x 0.811276 y 0.695079 a -0.630725
x 0.587888 y 0.789475 a -0.439928
x 0.329877 y 0.664475 a 0.128695
x 0.724953 y 0.653778 a -0.598218
x 0.912090 y 0.043399 a 0.064616
x 0.419445 y 0.252796 a 0.102736
x 0.520815 y 0.861749 a -0.032906
x 0.212345 y 0.176267 a -0.199119
x 0.326261 y 0.455807 a 0.135740
x 0.203904 y 0.718403 a 0.495504
x 0.830876 y 0.425546 a 0.183437
x 0.725662 y 0.582342 a -0.473973
x 0.656640 y 0.396798 a 0.132443
x 0.668731 y 0.760759 a -0.436484
x 0.300686 y 0.058289 a 0.114689
x 0.602804 y 0.746743 a -0.269888
x 0.407576 y 0.242852 a 0.033356
x 0.367220 y 0.437656 a 0.160037
x 0.763547 y 0.703760 a -0.650080
x 0.512067 y 0.609219 a -0.273862
x 0.737839 y 0.468717 a 0.238632
x 0.741460 y 0.689096 a -0.777334
x 0.808536 y 0.774264 a -0.450489
x 0.340555 y 0.974605 a 0.075509
x 0.281835 y 0.053172 a 0.197260
x 0.239638 y 0.837279 a 0.451089
x 0.323957 y 0.663714 a 0.188935
x 0.742492 y 0.128803 a -0.092842
x 0.843498 y 0.506157 a -0.802509
x 0.779392 y 0.806065 a -0.265223
x 0.653462 y 0.712033 a -0.512737
x 0.675154 y 0.485449 a 0.446173
x 0.226985 y 0.068974 a -0.090500
x 0.440069 y 0.549655 a 0.018620
x 0.354451 y 0.866689 a 0.314197
x 0.428971 y 0.017995 a 0.296107
x 0.805345 y 0.357035 a 0.138416
x 0.798015 y 0.507985 a -0.822207
x 0.776377 y 0.835913 a 0.001252
x 0.820471 y 0.009066 a -0.434536
x 0.370584 y 0.826282 a -0.034562
x 0.434400 y 0.548294 a 0.022902
x 0.391973 y 0.027841 a 0.024080
x 0.812970 y 0.873737 a -0.230433
x 0.354361 y 0.276798 a 0.170004
x 0.511038 y 0.754159 a -0.255491
x 0.305411 y 0.992624 a -0.158000
x 0.718437 y 0.467952 a 0.324312
x 0.664929 y 0.421151 a -0.484799
x 0.472976 y 0.780232 a 0.047111
x 0.437338 y 0.445005 a 0.304636
x 0.830418 y 0.809410 a -0.465478
x 0.624807 y 0.723989 a -0.503339
x 0.307759 y 0.196846 a 0.056905
x 0.451029 y 0.810453 a -0.046341
x 0.395980 y 0.192391 a 0.086103
x 0.698561 y 0.469142 a 0.379641
x 0.754407 y 0.408938 a -0.395984
x 0.397108 y 0.016488 a -0.005820
x 0.498823 y 0.194608 a 0.007951
x 0.746585 y 0.961621 a 0.069139
x 0.301038 y 0.931563 a 0.025449
x 0.684062 y 0.617374 a -0.305674
x 0.553161 y 0.871680 a -0.237331
x 0.693089 y 0.595708 a -0.458979
x 0.499574 y 0.294284 a 0.122493
x 0.625760 y 0.395089 a 0.200476
x 0.395172 y 0.469945 a 0.104287
x 0.770323 y 0.599826 a -0.521908
x 0.511954 y 0.805107 a -0.264563
x 0.703974 y 0.577677 a -0.999246
x 0.785270 y 0.619894 a -0.671148
x 0.378926 y 0.828516 a -0.072540
x 0.388451 y 0.994642 a 0.181997
x 0.565779 y 0.570092 a -0.037768
x 0.513856 y 0.673558 a -0.265377
x 0.340116 y 0.863018 a 0.377635
x 0.795054 y 0.748729 a -0.315287
x 0.706366 y 0.385039 a 0.166550
x 0.424573 y 0.494935 a 0.082212
x 0.892701 y 0.671379 a -0.570661
x 0.808986 y 0.850853 a -0.265442
x 0.326423 y 0.656262 a 0.074681
x 0.760354 y 0.285282 a 0.168462
x 0.307511 y 0.588387 a 0.129708
x 0.387917 y 0.271178 a 0.169319
x 0.401650 y 0.567011 a 0.036126
x 0.117060 y 0.712286 a 0.424975
x 0.370992 y 0.794638 a 0.094726
x 0.267432 y 0.200106 a 0.023232
x 0.459554 y 0.953527 a 0.016006
x 0.174106 y 0.057666 a 0.065071
x 0.338247 y 0.174801 a 0.042930
x 0.072807 y 0.697529 a 0.438640
x 0.304095 y 0.994689 a 0.152631
x 0.198848 y 0.335867 a 0.223220
x 0.804702 y 0.422036 a 0.226701
x 0.383256 y 0.926764 a -0.081791
x 0.403423 y 0.439109 a 0.299052
x 0.259413 y 0.070742 a -0.016139
x 0.305426 y 0.852903 a 0.403338
x 0.163146 y 0.713644 a 0.434762
x 0.422733 y 0.252608 a 0.091781
x 0.419574 y 0.251907 a 0.104569
x 0.470744 y 0.929540 a -0.160230
x 0.246060 y 0.338084 a 0.222173
x 0.314868 y 0.735294 a -0.005782
x 0.113722 y 0.698907 a 0.398413
x 0.032891 y 0.589821 a -0.263240
x 0.114277 y 0.698514 a 0.411719
x 0.327108 y 0.867791 a 0.225682
x 0.287050 y 0.056441 a 0.004705
x 0.432902 y 0.634069 a -0.048636
x 0.237783 y 0.004223 a 0.045075
x 0.321956 y 0.051397 a 0.385713
x 0.734566 y 0.418022 a -0.164443
x 0.901750 y 0.783357 a -0.461073
x 0.616905 y 0.322733 a 0.096680
x 0.804013 y 0.900829 a -0.311437
x 0.940158 y 0.612899 a 0.417781
x 0.757186 y 0.700361 a -0.699028
x 0.653212 y 0.954154 a -0.221927
x 0.475731 y 0.909366 a 0.041357
x 0.643674 y 0.832071 a -0.102337
x 0.498713 y 0.943581 a 0.061646
x 0.459296 y 0.041549 a -0.000730
x 0.649842 y 0.396558 a 0.184496
x 0.518970 y 0.215823 a 0.036908
x 0.760168 y 0.563145 a -0.216751
x 0.418996 y 0.806987 a 0.005422
x 0.537190 y 0.544159 a 0.116118
x 0.368773 y 0.005137 a 0.330692
x 0.621654 y 0.716373 a -0.536191
x 0.639576 y 0.857624 a -0.300238
x 0.582637 y 0.924563 a -0.021910
x 0.399341 y 0.573308 a -0.028711
x 0.417592 y 0.249025 a -0.003620
x 0.005232 y 0.630443 a 0.400346
x 0.671113 y 0.739896 a -0.388035
x 0.627276 y 0.380635 a 0.169696
x 0.708331 y 0.480578 a 0.302185
x 0.089321 y 0.050674 a 0.263481
x 0.803337 y 0.959926 a 0.109895
x 0.640250 y 0.708820 a -0.526520
x 0.746178 y 0.811607 a -0.284597
x 0.760899 y 0.716329 a -0.595666
x 0.480188 y 0.038520 a -0.024270
